<?xml version="1.0" encoding="UTF-8"?>
<!-- Generated by org.testng.reporters.JUnitXMLReporter -->
<testsuite hostname="Nicolass-MacBook-Pro.local" name="test" tests="1" failures="1" timestamp="27 Apr 2018 08:39:00 GMT" time="426.192" errors="0">
  <testcase name="run_cukes" time="426.173" classname="com.kindred.AppTest">
    <failure type="cucumber.runtime.CucumberException" message="java.lang.AssertionError: Appear a problem, is not possible to find some text in the paragraph expected [true] but found [false]">
      <![CDATA[cucumber.runtime.CucumberException: java.lang.AssertionError: Appear a problem, is not possible to find some text in the paragraph expected [true] but found [false]
	at cucumber.api.testng.TestNGCucumberRunner.runCukes(TestNGCucumberRunner.java:48)
	at cucumber.api.testng.AbstractTestNGCucumberTests.run_cukes(AbstractTestNGCucumberTests.java:14)
	at cucumber.api.testng.AbstractTestNGCucumberTests.run(AbstractTestNGCucumberTests.java:19)
	at java.util.concurrent.FutureTask.run(FutureTask.java:266)
	at java.util.concurrent.ThreadPoolExecutor.runWorker(ThreadPoolExecutor.java:1149)
	at java.util.concurrent.ThreadPoolExecutor$Worker.run(ThreadPoolExecutor.java:624)
	at java.lang.Thread.run(Thread.java:748)
Caused by: java.lang.AssertionError: Appear a problem, is not possible to find some text in the paragraph expected [true] but found [false]
	at com.kindred.steps.Steps.verifyIfATextAppearCorrectlyDisplayed(Steps.java:26)
	at âœ½.Then verify if the text "Messi" appear correctly(mobile/interview_mobile_web.feature:11)
... Removed 21 stack frames]]>
    </failure>
  </testcase> <!-- run_cukes -->
</testsuite> <!-- test -->
